T2:3002 "${context} cannot contain consecutive commas"        
T2:3003 "${context} cannot end with a comma"       
T2:3004 "${context} cannot start with a comma"       
T2:3005 "${kind} requires a signature list"        
T2:3006 "${kind} requires a string name"        
T2:3007 "${label} must be an identifier"        
T2:3008 "${label} must resolve to an identifier"       
T2:3009 "${label} requires a boolean literal"        
T2:3010 "${label} requires a string literal"        
T2:3011 "abstract callables cannot have a body"       
T2:3012 "abstract clause takes no arguments"        
T2:3013 "abstract is only valid for methods/getters/setters"       
T2:3014 "accessors cannot declare a this parameter"       
T2:3015 "assign requires target and value"        
T2:3016 "await requires an argument"         
T2:3017 "Binding can only have a target and optional initializer"    
T2:3018 "call requires a callee"         
T2:3019 "call-with-this requires a function, thisArg, and optional args"     
T2:3020 "case requires an expression"         
T2:3021 "class-body contains unsupported member statement"        
T2:3022 "class-body must start with (class-body ...)"       
T2:3023 "class cannot declare abstract more than once"      
T2:3024 "class cannot declare typeparams more than once"      
T2:3025 "class cannot have multiple decorators clauses"       
T2:3026 "class cannot have multiple extends clauses"       
T2:3027 "class cannot have multiple implements clauses"       
T2:3028 "class may only contain a single class-body"      
T2:3029 "class requires a name and class-body"       
T2:3030 "constructor cannot be abstract"         
T2:3031 "constructor cannot be async or generator"       
T2:3032 "decorators clause requires at least one expression"      
T2:3033 "default clause requires a type"        
T2:3034 "default pattern cannot wrap rest"        
T2:3035 "default pattern requires a target and value"      
T2:3036 "default requires a value expression"        
T2:3037 "enum-body must start with (enum-body ...)"       
T2:3038 "enum member must be (\"Name\" value?)"       
T2:3039 "enum member name must be a string literal"     
T2:3040 "enum requires a name and enum-body"       
T2:3041 "Expected literal"           
T2:3042 "export-default requires an expression"         
T2:3043 "export named entries must be identifiers or two-element lists"    
T2:3044 "export named entries must contain identifier atoms"      
T2:3045 "export requires a name"         
T2:3046 "export requires at least one spec"       
T2:3047 "export-spec default requires an expression"        
T2:3048 "export-spec entries must be literals, identifiers, or named/default/namespace lists"    
T2:3049 "export-spec must start with (export-spec ...)"       
T2:3050 "export-spec namespace requires a name"        
T2:3051 "Export statement must start with an atom"      
T2:3052 "extends clause requires a type"        
T2:3053 "extends clause requires exactly one expression"       
T2:3054 "Field modifier ${flagNode.type === "atom" ? flagNode.value : "?"}  lacks a value"
T2:3055 "Field modifiers must be atoms"        
T2:3056 "fn param must be a list with a name"    
T2:3057 "fn param must contain a name, optional type, and  optional default value"
T2:3058 "fn param must include a name"       
T2:3059 "fn signature parameters must be lists like ((x string)  (y))"  
T2:3060 "for-await clause requires a binding target and iterable"     
T2:3061 "for-await requires a binding clause"        
T2:3062 "for-await requires a body"         
T2:3063 "for classic accepts at most init, condition, and update"    
T2:3064 "for classic requires a body"        
T2:3065 "for loop requires a kind"        
T2:3066 "for-of clause requires a binding target and iterable"     
T2:3067 "for-of requires a binding clause"        
T2:3068 "for-of requires a body"         
T2:3069 "getter must declare zero parameters"        
T2:3070 "if requires a test and consequent statement"      
T2:3071 "implements clause requires at least one expression"      
T2:3072 "import-all requires an alias and module specifier"      
T2:3073 "import-default requires a name and module specifier"      
T2:3074 "import-named alias entries must contain identifier atoms"      
T2:3075 "import-named entries must be identifiers or two-element lists"     
T2:3076 "import-named requires a list of names and module specifier"    
T2:3077 "import requires an import-spec list"        
T2:3078 "import-spec default requires a name"        
T2:3079 "import-spec entries must be literals, identifiers, or named/default/namespace lists"    
T2:3080 "import-spec must start with (import-spec ...)"       
T2:3081 "import-spec namespace requires a name"        
T2:3082 "import-spec requires a module specifier literal"       
T2:3083 "Import statement must start with an atom"      
T2:3084 "index requires object and index expressions"       
T2:3085 "index-signature only supports optional readonly modifier"       
T2:3086 "index-signature parameter must include name and type"      
T2:3087 "index-signature requires a (name type) pair and a value  type"  
T2:3088 "interface-body must start with (interface-body ...)"       
T2:3089 "Invalid binding"           
T2:3090 "Invalid binding target"          
T2:3091 "Invalid template literal type part"        
T2:3092 "keyword arguments are not supported; use an object literal  instead"  
T2:3093 "lambda cannot be abstract"         
T2:3094 "lambda cannot be overload"         
T2:3095 "lambda cannot declare a this parameter"       
T2:3096 "method requires a name"         
T2:3097 "Module specifier must be a literal"       
T2:3098 "namespace-body must start with (namespace-body ...)"       
T2:3099 "namespace requires a name and namespace-body"       
T2:3100 "new requires a callee"         
T2:3101 "non-null requires an expression"         
T2:3102 "object field key must be a string literal"     
T2:3103 "object fields must be (key value) or (spread object  expr)"  
T2:3104 "object literal key requires a value after ':'"     
T2:3105 "object literal key requires a value; commas cannot appear  between key and
T2:3106 "object-pattern field key must be a string literal"     
T2:3107 "object-pattern fields must be (key target)"       
T2:3108 "object spread must use kind 'object'"       
T2:3109 "object spread requires (spread object expr)"       
T2:3110 "optional key cannot be followed by a comma and  another entry" 
T2:3111 "optional literal field requires a value"       
T2:3112 "overload cannot be abstract"         
T2:3113 "overload is only valid for functions and methods"     
T2:3114 "overload requires a named function"        
T2:3115 "overload signatures cannot be emitted as expressions"      
T2:3116 "overload signatures cannot have a body"       
T2:3117 "parameter properties are not allowed in constructor overloads"     
T2:3118 "parameter properties are only allowed in constructors"      
T2:3119 "parameter property cannot repeat readonly"        
T2:3120 "parameter property cannot specify multiple access modifiers"      
T2:3121 "parameter type annotation requires a type after ':'"     
T2:3122 "Program must be wrapped in (program ...)"      
T2:3123 "Program must start with (program ...)"       
T2:3124 "prop requires an object and a string literal property  name"  
T2:3125 "rest target requires a binding target"       
T2:3126 "return type annotation requires a type after ':'"     
T2:3127 "setter cannot declare a return type"       
T2:3128 "setter must declare exactly one parameter"       
T2:3129 "spread kind must be array, object, or rest"     
T2:3130 "spread requires a kind and an expression"      
T2:3131 "static-block must start with (static-block ...)"       
T2:3132 "switch case head must be an atom"      
T2:3133 "switch cases must be non-empty lists"       
T2:3134 "switch requires a discriminant"         
T2:3135 "t:array requires an element type"        
T2:3136 "t:conditional requires check, extends, true, and false branches"     
T2:3137 "ternary requires test, consequent, and alternate expressions"      
T2:3138 "t:fn requires at least a return type"      
T2:3139 "this parameter cannot be repeated"        
T2:3140 "this parameter must be declared without modifiers"      
T2:3141 "this parameter must be first"        
T2:3142 "this parameter requires a type annotation"       
T2:3143 "throw requires an argument"         
T2:3144 "t:indexed requires an object and an index type"     
T2:3145 "t:infer requires a name"         
T2:3146 "t:keyof requires a target type"        
T2:3147 "t:nullable requires an inner type"        
T2:3148 "t:primitive requires a name"         
T2:3149 "try child must be catch or finally"      
T2:3150 "try child must start with an atom"      
T2:3151 "try requires a body statement"        
T2:3152 "try supports at most one catch"       
T2:3153 "try supports at most one finally"       
T2:3154 "t:typeof requires an expression"         
T2:3155 "t:var requires a name"         
T2:3156 "type-alias expects a single type expression"       
T2:3157 "type-alias requires a name"         
T2:3158 "type-app requires an expression"         
T2:3159 "type-app requires type arguments"         
T2:3160 "type-assert requires an expression and a type"      
T2:3161 "Type constructor must be an atom"       
T2:3162 "Type expressions must be lists"        
T2:3163 "type-function parameters must be type expressions or parameter descriptors"    
T2:3164 "type-function parameters must either all specify types or none  of them do"
T2:3165 "type-function requires at least a return type"      
T2:3166 "type-interface requires a name and interface-body"       
T2:3167 "type-intersection requires at least one member"       
T2:3168 "type-mapped requires a type param and a value type"    
T2:3169 "type-mapped supports at most name remap, modifiers, and via"    
T2:3170 "type-object field key must be an atom"      
T2:3171 "type-object fields must be (key type)"       
T2:3172 "type-param cannot declare multiple variances"        
T2:3173 "type-param contains too many entries"        
T2:3174 "type-param must be a list with a name"     
T2:3175 "type-params list must be a list of identifiers"     
T2:3176 "typeparams list must start with typeparams"       
T2:3177 ":type-params requires a list of identifiers"       
T2:3178 "type-ref requires an identifier"         
T2:3179 "type-this does not take arguments"        
T2:3180 "type-union requires at least one member"       
T2:3181 "Unexpected end of input"         
T2:3182 "Unexpected token ${tok.value}"          
T2:3183 "Unknown binding target kind"         
T2:3184 "Unknown field modifier ${flagNode.value}"         
T2:3185 "Unknown import kind ${kind}"         
T2:3186 "Unknown primitive type ${name}"         
T2:3187 "Unknown switch clause ${head.value}"         
T2:3188 "Unknown try child ${head.value}"         
T2:3189 "Unknown type constructor ${head.value}"         
T2:3190 "Unsupported binding target ${(target as any).__brand}"       
T2:3191 "Unsupported binding target in codegen"        
T2:3192 "Unsupported expression kind ${(expr as any).__brand}"       
T2:3193 "Unsupported expression kind ${(serialized as SerializedExpression).kind}"       
T2:3194 "Unsupported for loop kind ${kindNode.value}"        
T2:3195 "Unsupported PhaseB node for cloning: ${(node as PhaseBNodeBase).phaseKind}"     
T2:3196 "Unsupported serialized type node ${(serialized as SerializedTypeNode).kind}"      
T2:3197 "Unsupported statement kind ${(serialized as SerializedStatement).kind}"       
T2:3198 "Unsupported statement kind ${(stmt as any).__brand}"       
T2:3199 "Unsupported token type ${tok.type}"         
T2:3200 "Unsupported type node"          
T2:3201 "Unterminated list"           
T2:3202 "while requires a condition and body"       
